<?xml version="1.0" encoding="UTF-8" ?>
<testsuite tests="1" failures="1" name="com.kaa.simplebuild.dataProviderJDBCTestNegative" time="0.817" errors="0" skipped="0">
  <properties>
    <property name="java.runtime.name" value="Java(TM) SE Runtime Environment"/>
    <property name="java.vm.version" value="14.0.2+12-46"/>
    <property name="sun.boot.library.path" value="C:\Program Files\Java\jdk-14.0.2\bin"/>
    <property name="maven.multiModuleProjectDirectory" value="C:\Users\Alexandr\Documents\NetBeansProjects\course_f"/>
    <property name="java.vm.vendor" value="Oracle Corporation"/>
    <property name="java.vendor.url" value="https://java.oracle.com/"/>
    <property name="guice.disable.misplaced.annotation.check" value="true"/>
    <property name="path.separator" value=";"/>
    <property name="java.vm.name" value="Java HotSpot(TM) 64-Bit Server VM"/>
    <property name="sun.os.patch.level" value="Service Pack 1"/>
    <property name="user.script" value=""/>
    <property name="user.country" value="RU"/>
    <property name="sun.java.launcher" value="SUN_STANDARD"/>
    <property name="test" value="com.kaa.simplebuild.dataProviderJDBCTestNegative#TestCreateBuildingTemplate"/>
    <property name="java.vm.specification.name" value="Java Virtual Machine Specification"/>
    <property name="user.dir" value="C:\Users\Alexandr\Documents\NetBeansProjects\course_f"/>
    <property name="java.vm.compressedOopsMode" value="Zero based"/>
    <property name="java.runtime.version" value="14.0.2+12-46"/>
    <property name="os.arch" value="amd64"/>
    <property name="java.io.tmpdir" value="C:\Users\Alexandr\AppData\Local\Temp\"/>
    <property name="line.separator" value="
"/>
    <property name="java.vm.specification.vendor" value="Oracle Corporation"/>
    <property name="user.variant" value=""/>
    <property name="os.name" value="Windows 7"/>
    <property name="maven.ext.class.path" value="C:\Program Files\NetBeans-12.6\netbeans\java\maven-nblib\netbeans-eventspy.jar"/>
    <property name="classworlds.conf" value="C:\Program Files\NetBeans-12.6\netbeans\java\maven\bin\..\bin\m2.conf"/>
    <property name="sun.jnu.encoding" value="Cp1251"/>
    <property name="java.library.path" value="C:\Program Files\Java\jdk-14.0.2\bin;C:\Windows\Sun\Java\bin;C:\Windows\system32;C:\Windows;C:\Program Files (x86)\Intel\iCLS Client\;C:\Program Files\Intel\iCLS Client\;C:\ProgramData\Oracle\Java\javapath;C:\Windows\system32;C:\Windows;C:\Windows\System32\Wbem;C:\Windows\System32\WindowsPowerShell\v1.0\;C:\Program Files (x86)\Intel\Intel(R) Management Engine Components\DAL;C:\Program Files\Intel\Intel(R) Management Engine Components\DAL;C:\Program Files (x86)\Intel\Intel(R) Management Engine Components\IPT;C:\Program Files\Intel\Intel(R) Management Engine Components\IPT;C:\Program Files (x86)\GtkSharp\2.12\bin;C:\Program Files\dotnet\;C:\Program Files\Microsoft SQL Server\110\Tools\Binn\;C:\Program Files (x86)\NVIDIA Corporation\PhysX\Common;C:\Program Files\Microsoft SQL Server\130\Tools\Binn\;F:\VS Expres\bin;C:\Users\Alexandr\.dnx\bin;C:\Program Files\Microsoft DNX\Dnvm\;C:\Program Files\Microsoft SQL Server\120\Tools\Binn\;E:\Unity\MonoDevelop\bin;D:\Dok\New Folder\;C:\Program Files\NVIDIA Corporation\NVIDIA NvDLISR;D:\Dok\Новая папка (3)\OpenVPN\bin;D:\Dok\Git\cmd;C:\apache-maven-3.6.3\bin;D:\Dok\Post\bin;C:\Program Files (x86)\Java\jre1.8.0_131\bin;C:\Users\Alexandr\AppData\Local\Programs\Python\Python38\Scripts\;C:\Users\Alexandr\AppData\Local\Programs\Python\Python38\;C:\Program Files\MySQL\MySQL Shell 8.0\bin\;F:\Microsoft VS Code\bin;D:\Dok\IntelliJ IDEA Community Edition 2020.3.2\bin;;C:\Program Files\JetBrains\IntelliJ IDEA 2021.3\bin;;."/>
    <property name="maven.conf" value="C:\Program Files\NetBeans-12.6\netbeans\java\maven\bin\../conf"/>
    <property name="jdk.debug" value="release"/>
    <property name="java.class.version" value="58.0"/>
    <property name="java.specification.name" value="Java Platform API Specification"/>
    <property name="sun.management.compiler" value="HotSpot 64-Bit Tiered Compilers"/>
    <property name="os.version" value="6.1"/>
    <property name="library.jansi.path" value="C:\Program Files\NetBeans-12.6\netbeans\java\maven\bin\..\lib\jansi-native"/>
    <property name="user.home" value="C:\Users\Alexandr"/>
    <property name="user.timezone" value="Europe/Moscow"/>
    <property name="file.encoding" value="UTF-8"/>
    <property name="java.specification.version" value="14"/>
    <property name="user.name" value="Alexandr"/>
    <property name="java.class.path" value="C:\Program Files\NetBeans-12.6\netbeans\java\maven\bin\..\boot\plexus-classworlds-2.6.0.jar"/>
    <property name="java.vm.specification.version" value="14"/>
    <property name="sun.arch.data.model" value="64"/>
    <property name="sun.java.command" value="org.codehaus.plexus.classworlds.launcher.Launcher -Dtest=com.kaa.simplebuild.dataProviderJDBCTestNegative#TestCreateBuildingTemplate -Dmaven.ext.class.path=C:\Program Files\NetBeans-12.6\netbeans\java\maven-nblib\netbeans-eventspy.jar -Dfile.encoding=UTF-8 surefire:test"/>
    <property name="java.home" value="C:\Program Files\Java\jdk-14.0.2"/>
    <property name="user.language" value="ru"/>
    <property name="java.specification.vendor" value="Oracle Corporation"/>
    <property name="java.vm.info" value="mixed mode, sharing"/>
    <property name="java.version" value="14.0.2"/>
    <property name="java.vendor" value="Oracle Corporation"/>
    <property name="maven.home" value="C:\Program Files\NetBeans-12.6\netbeans\java\maven\bin\.."/>
    <property name="file.separator" value="\"/>
    <property name="java.version.date" value="2020-07-14"/>
    <property name="java.vendor.url.bug" value="https://bugreport.java.com/bugreport/"/>
    <property name="sun.io.unicode.encoding" value="UnicodeLittle"/>
    <property name="sun.cpu.endian" value="little"/>
    <property name="sun.cpu.isalist" value="amd64"/>
  </properties>
  <testcase classname="com.kaa.simplebuild.dataProviderJDBCTestNegative" name="TestCreateBuildingTemplate" time="0.817">
    <failure type="java.lang.AssertionError">java.lang.AssertionError
	at org.junit.Assert.fail(Assert.java:87)
	at org.junit.Assert.assertTrue(Assert.java:42)
	at org.junit.Assert.assertFalse(Assert.java:65)
	at org.junit.Assert.assertFalse(Assert.java:75)
	at com.kaa.simplebuild.dataProviderJDBCTestNegative.TestCreateBuildingTemplate(dataProviderJDBCTestNegative.java:237)
	at java.base/jdk.internal.reflect.NativeMethodAccessorImpl.invoke0(Native Method)
	at java.base/jdk.internal.reflect.NativeMethodAccessorImpl.invoke(NativeMethodAccessorImpl.java:62)
	at java.base/jdk.internal.reflect.DelegatingMethodAccessorImpl.invoke(DelegatingMethodAccessorImpl.java:43)
	at java.base/java.lang.reflect.Method.invoke(Method.java:564)
	at org.junit.runners.model.FrameworkMethod$1.runReflectiveCall(FrameworkMethod.java:59)
	at org.junit.internal.runners.model.ReflectiveCallable.run(ReflectiveCallable.java:12)
	at org.junit.runners.model.FrameworkMethod.invokeExplosively(FrameworkMethod.java:56)
	at org.junit.internal.runners.statements.InvokeMethod.evaluate(InvokeMethod.java:17)
	at org.junit.runners.ParentRunner$3.evaluate(ParentRunner.java:306)
	at org.junit.runners.BlockJUnit4ClassRunner$1.evaluate(BlockJUnit4ClassRunner.java:100)
	at org.junit.runners.ParentRunner.runLeaf(ParentRunner.java:366)
	at org.junit.runners.BlockJUnit4ClassRunner.runChild(BlockJUnit4ClassRunner.java:103)
	at org.junit.runners.BlockJUnit4ClassRunner.runChild(BlockJUnit4ClassRunner.java:63)
	at org.junit.runners.ParentRunner$4.run(ParentRunner.java:331)
	at org.junit.runners.ParentRunner$1.schedule(ParentRunner.java:79)
	at org.junit.runners.ParentRunner.runChildren(ParentRunner.java:329)
	at org.junit.runners.ParentRunner.access$100(ParentRunner.java:66)
	at org.junit.runners.ParentRunner$2.evaluate(ParentRunner.java:293)
	at org.junit.runners.ParentRunner$3.evaluate(ParentRunner.java:306)
	at org.junit.runners.ParentRunner.run(ParentRunner.java:413)
	at org.apache.maven.surefire.junit4.JUnit4Provider.execute(JUnit4Provider.java:242)
	at org.apache.maven.surefire.junit4.JUnit4Provider.executeTestSet(JUnit4Provider.java:137)
	at org.apache.maven.surefire.junit4.JUnit4Provider.invoke(JUnit4Provider.java:112)
	at java.base/jdk.internal.reflect.NativeMethodAccessorImpl.invoke0(Native Method)
	at java.base/jdk.internal.reflect.NativeMethodAccessorImpl.invoke(NativeMethodAccessorImpl.java:62)
	at java.base/jdk.internal.reflect.DelegatingMethodAccessorImpl.invoke(DelegatingMethodAccessorImpl.java:43)
	at java.base/java.lang.reflect.Method.invoke(Method.java:564)
	at org.apache.maven.surefire.util.ReflectionUtils.invokeMethodWithArray(ReflectionUtils.java:189)
	at org.apache.maven.surefire.booter.ProviderFactory$ProviderProxy.invoke(ProviderFactory.java:165)
	at org.apache.maven.surefire.booter.ProviderFactory.invokeProvider(ProviderFactory.java:85)
	at org.apache.maven.surefire.booter.ForkedBooter.runSuitesInProcess(ForkedBooter.java:115)
	at org.apache.maven.surefire.booter.ForkedBooter.main(ForkedBooter.java:75)
</failure>
    <system-out>21:11:59.352 [main] INFO  com.kaa.simplebuild.DataProviderJDBC - prep0: CREATE TABLE IF NOT EXISTS ROOFMATERIAL ( id long UNIQUE NOT NULL , name char(50) NOT NULL , price double NOT NULL , durabilityYears int NOT NULL )
21:11:59.356 [main] INFO  com.kaa.simplebuild.DataProviderJDBC - conn0: url=jdbc:h2:tcp://localhost/~/test user=ADMIN
21:11:59.357 [main] INFO  com.kaa.simplebuild.DataProviderJDBC - prep1: CREATE TABLE IF NOT EXISTS MAINPARTMATERIAL ( id long UNIQUE NOT NULL , name char(50) NOT NULL, price double NOT NULL, soundTransmission double NOT NULL )
21:11:59.357 [main] INFO  com.kaa.simplebuild.DataProviderJDBC - conn0: url=jdbc:h2:tcp://localhost/~/test user=ADMIN
21:11:59.357 [main] INFO  com.kaa.simplebuild.DataProviderJDBC - prep2: CREATE TABLE IF NOT EXISTS BASEMENTMATERIAL ( id long UNIQUE NOT NULL , name char(50) NOT NULL, price double NOT NULL, frostresistance int NOT NULL , waterproof int NOT NULL)
21:11:59.357 [main] INFO  com.kaa.simplebuild.DataProviderJDBC - conn0: url=jdbc:h2:tcp://localhost/~/test user=ADMIN
21:11:59.358 [main] INFO  com.kaa.simplebuild.DataProviderJDBC - prep3:  CREATE TABLE IF NOT EXISTS rooftemplate ( id long UNIQUE NOT NULL , name char(50) NOT NULL, pricemultiplier double NOT NULL, id_material long NOT NULL, insulation boolean NOT NULL, pipe boolean NOT NULL, FOREIGN KEY (id_material ) REFERENCES roofmaterial(id) ON DELETE SET NULL ON UPDATE CASCADE )
21:11:59.358 [main] INFO  com.kaa.simplebuild.DataProviderJDBC - conn0: url=jdbc:h2:tcp://localhost/~/test user=ADMIN
21:11:59.358 [main] INFO  com.kaa.simplebuild.DataProviderJDBC - prep4: CREATE TABLE IF NOT EXISTS mainparttemplate ( id long UNIQUE NOT NULL , name char(50) NOT NULL, pricemultiplier double NOT NULL, id_material long NOT NULL,  veranda boolean NOT NULL, windows int NOT NULL, FOREIGN KEY (id_material ) REFERENCES mainpartmaterial(id) ON DELETE SET NULL  ON UPDATE CASCADE )
21:11:59.359 [main] INFO  com.kaa.simplebuild.DataProviderJDBC - conn0: url=jdbc:h2:tcp://localhost/~/test user=ADMIN
21:11:59.359 [main] INFO  com.kaa.simplebuild.DataProviderJDBC - prep5: CREATE TABLE IF NOT EXISTS basementtemplate ( id long UNIQUE NOT NULL , name char(50) NOT NULL, pricemultiplier double NOT NULL, id_material long NOT NULL, cellar boolean NOT NULL, FOREIGN KEY (id_material ) REFERENCES basementmaterial(id) ON DELETE SET NULL ON UPDATE CASCADE )
21:11:59.359 [main] INFO  com.kaa.simplebuild.DataProviderJDBC - conn0: url=jdbc:h2:tcp://localhost/~/test user=ADMIN
21:11:59.359 [main] INFO  com.kaa.simplebuild.DataProviderJDBC - prep6: CREATE TABLE IF NOT EXISTS buildingtemplate ( id long NOT NULL, name char(50) NOT NULL, id_roof_template long NOT NULL, id_main_part_template long NOT NULL, id_basement_template long NOT NULL, FOREIGN KEY (id_roof_template ) REFERENCES rooftemplate(id) ON DELETE SET NULL ON UPDATE CASCADE , FOREIGN KEY (id_main_part_template ) REFERENCES mainparttemplate(id) ON DELETE SET NULL ON UPDATE CASCADE, FOREIGN KEY (id_basement_template ) REFERENCES basementtemplate(id) ON DELETE SET NULL ON UPDATE CASCADE )
21:11:59.360 [main] INFO  com.kaa.simplebuild.DataProviderJDBC - conn0: url=jdbc:h2:tcp://localhost/~/test user=ADMIN
</system-out>
    <system-err>log4j:WARN No appenders could be found for logger (org.mongodb.driver.cluster).
log4j:WARN Please initialize the log4j system properly.
log4j:WARN See http://logging.apache.org/log4j/1.2/faq.html#noconfig for more info.
</system-err>
  </testcase>
</testsuite>